c:\users\ieuser\documents\visual studio 2015\projects\consoleapplication2\consoleapplication2\debug\eratosten.pch.codeanalysis
c:\users\ieuser\documents\visual studio 2015\projects\consoleapplication2\consoleapplication2\debug\vc140.pdb
c:\users\ieuser\documents\visual studio 2015\projects\consoleapplication2\consoleapplication2\debug\vc140.idb
c:\users\ieuser\documents\visual studio 2015\projects\consoleapplication2\consoleapplication2\debug\eratosten.pch.codeanalysisast
c:\users\ieuser\documents\visual studio 2015\projects\consoleapplication2\consoleapplication2\debug\stdafx.nativecodeanalysis.xml
c:\users\ieuser\documents\visual studio 2015\projects\consoleapplication2\consoleapplication2\debug\stdafx.obj
c:\users\ieuser\documents\visual studio 2015\projects\consoleapplication2\consoleapplication2\debug\eratosten.pch
c:\users\ieuser\documents\visual studio 2015\projects\consoleapplication2\consoleapplication2\debug\main.nativecodeanalysis.xml
c:\users\ieuser\documents\visual studio 2015\projects\consoleapplication2\consoleapplication2\debug\primenumberlist.nativecodeanalysis.xml
c:\users\ieuser\documents\visual studio 2015\projects\consoleapplication2\consoleapplication2\debug\primenumberlist.obj
c:\users\ieuser\documents\visual studio 2015\projects\consoleapplication2\consoleapplication2\debug\main.obj
c:\users\ieuser\documents\visual studio 2015\projects\consoleapplication2\consoleapplication2\debug\nativecodeanalysis.read.1.tlog
c:\users\ieuser\documents\visual studio 2015\projects\consoleapplication2\consoleapplication2\debug\vc.nativecodeanalysis.all.xml
c:\users\ieuser\documents\visual studio 2015\projects\consoleapplication2\debug\eratosten.pdb
c:\users\ieuser\documents\visual studio 2015\projects\consoleapplication2\debug\eratosten.exe
c:\users\ieuser\documents\visual studio 2015\projects\consoleapplication2\debug\eratosten.ilk
c:\users\ieuser\documents\visual studio 2015\projects\consoleapplication2\debug\eratosten.exe.lastcodeanalysissucceeded
c:\users\ieuser\documents\visual studio 2015\projects\consoleapplication2\consoleapplication2\debug\eratosten.tlog\cl.command.1.tlog
c:\users\ieuser\documents\visual studio 2015\projects\consoleapplication2\consoleapplication2\debug\eratosten.tlog\cl.read.1.tlog
c:\users\ieuser\documents\visual studio 2015\projects\consoleapplication2\consoleapplication2\debug\eratosten.tlog\cl.write.1.tlog
c:\users\ieuser\documents\visual studio 2015\projects\consoleapplication2\consoleapplication2\debug\eratosten.tlog\link.command.1.tlog
c:\users\ieuser\documents\visual studio 2015\projects\consoleapplication2\consoleapplication2\debug\eratosten.tlog\link.read.1.tlog
c:\users\ieuser\documents\visual studio 2015\projects\consoleapplication2\consoleapplication2\debug\eratosten.tlog\link.write.1.tlog
